0 info it worked if it ends with ok
1 verbose cli [ 'C:\\Program Files\\nodejs\\node.exe',
1 verbose cli   'C:\\Program Files\\nodejs\\node_modules\\npm\\bin\\npm-cli.js',
1 verbose cli   'run',
1 verbose cli   'test' ]
2 info using npm@3.8.3
3 info using node@v5.10.1
4 verbose run-script [ 'pretest', 'test', 'posttest' ]
5 info lifecycle quiz-backend@1.0.0~pretest: quiz-backend@1.0.0
6 silly lifecycle quiz-backend@1.0.0~pretest: no script for pretest, continuing
7 info lifecycle quiz-backend@1.0.0~test: quiz-backend@1.0.0
8 verbose lifecycle quiz-backend@1.0.0~test: unsafe-perm in lifecycle true
9 verbose lifecycle quiz-backend@1.0.0~test: PATH: C:\Program Files\nodejs\node_modules\npm\bin\node-gyp-bin;D:\Projekte\WebDevelopment\quiz-backend\node_modules\.bin;C:\Program Files\nodejs;C:\Users\Christoph\bin;C:\Program Files (x86)\Git\mingw32\bin;C:\Program Files (x86)\Git\usr\local\bin;C:\Program Files (x86)\Git\usr\bin;C:\Program Files (x86)\Git\usr\bin;C:\Program Files (x86)\Git\mingw32\bin;C:\Program Files (x86)\Git\usr\bin;C:\Users\Christoph\bin;C:\Python27;C:\Python27\Scripts;C:\ProgramData\Oracle\Java\javapath;C:\Program Files (x86)\Intel\iCLS Client;C:\Program Files\Intel\iCLS Client;C:\Windows\system32;C:\Windows;C:\Windows\System32\Wbem;C:\Windows\System32\WindowsPowerShell\v1.0;C:\Program Files (x86)\Intel\Intel(R) Management Engine Components\DAL;C:\Program Files\Intel\Intel(R) Management Engine Components\DAL;C:\Program Files (x86)\Intel\Intel(R) Management Engine Components\IPT;C:\Program Files\Intel\Intel(R) Management Engine Components\IPT;C:\Program Files (x86)\GtkSharp\2.12\bin;C:\adb;C:\Program Files\MiKTeX 2.9\miktex\bin\x64;C:\Program Files\nodejs;C:\Program Files (x86)\NVIDIA Corporation\PhysX\Common;C:\WINDOWS\system32;C:\WINDOWS;C:\WINDOWS\System32\Wbem;C:\WINDOWS\System32\WindowsPowerShell\v1.0;C:\Program Files (x86)\Heroku\bin;C:\Program Files (x86)\git\cmd;C:\Users\Christoph\AppData\Roaming\npm;C:\Program Files (x86)\Skype\Phone;C:\Python27;C:\Program Files\Git\bin;C:\Users\Christoph\AppData\Local\Microsoft\WindowsApps;C:\Program Files\Java\jdk1.8.0_102\bin;C:\Program Files (x86)\Microsoft VS Code\bin;C:\Program Files (x86)\Git\usr\bin\vendor_perl;C:\Program Files (x86)\Git\usr\bin\core_perl
10 verbose lifecycle quiz-backend@1.0.0~test: CWD: D:\Projekte\WebDevelopment\quiz-backend
11 silly lifecycle quiz-backend@1.0.0~test: Args: [ '/d /s /c', 'echo "Error: no test specified" && exit 1' ]
12 silly lifecycle quiz-backend@1.0.0~test: Returned: code: 1  signal: null
13 info lifecycle quiz-backend@1.0.0~test: Failed to exec test script
14 verbose stack Error: quiz-backend@1.0.0 test: `echo "Error: no test specified" && exit 1`
14 verbose stack Exit status 1
14 verbose stack     at EventEmitter.<anonymous> (C:\Program Files\nodejs\node_modules\npm\lib\utils\lifecycle.js:239:16)
14 verbose stack     at emitTwo (events.js:100:13)
14 verbose stack     at EventEmitter.emit (events.js:185:7)
14 verbose stack     at ChildProcess.<anonymous> (C:\Program Files\nodejs\node_modules\npm\lib\utils\spawn.js:24:14)
14 verbose stack     at emitTwo (events.js:100:13)
14 verbose stack     at ChildProcess.emit (events.js:185:7)
14 verbose stack     at maybeClose (internal/child_process.js:850:16)
14 verbose stack     at Process.ChildProcess._handle.onexit (internal/child_process.js:215:5)
15 verbose pkgid quiz-backend@1.0.0
16 verbose cwd D:\Projekte\WebDevelopment\quiz-backend
17 error Windows_NT 10.0.14393
18 error argv "C:\\Program Files\\nodejs\\node.exe" "C:\\Program Files\\nodejs\\node_modules\\npm\\bin\\npm-cli.js" "run" "test"
19 error node v5.10.1
20 error npm  v3.8.3
21 error code ELIFECYCLE
22 error quiz-backend@1.0.0 test: `echo "Error: no test specified" && exit 1`
22 error Exit status 1
23 error Failed at the quiz-backend@1.0.0 test script 'echo "Error: no test specified" && exit 1'.
23 error Make sure you have the latest version of node.js and npm installed.
23 error If you do, this is most likely a problem with the quiz-backend package,
23 error not with npm itself.
23 error Tell the author that this fails on your system:
23 error     echo "Error: no test specified" && exit 1
23 error You can get information on how to open an issue for this project with:
23 error     npm bugs quiz-backend
23 error Or if that isn't available, you can get their info via:
23 error     npm owner ls quiz-backend
23 error There is likely additional logging output above.
24 verbose exit [ 1, true ]
